<?xml version="1.0" encoding="utf-8"?><testsuites name="pytest tests"><testsuite name="pytest" errors="0" failures="0" skipped="0" tests="12" time="38.666" timestamp="2026-04-30T04:42:12.730907-03:00" hostname="DESKTOP-THNT1QH"><testcase classname="tests.test_api" name="test_predict_invalid_days" time="0.058" /><testcase classname="tests.test_api" name="test_predict_invalid_model_type" time="0.011" /><testcase classname="tests.test_api" name="test_train_model_invalid_epochs" time="0.014" /><testcase classname="tests.test_api" name="test_train_model_invalid_window" time="0.018" /><testcase classname="tests.test_api" name="test_train_model_invalid_per_training" time="0.015" /><testcase classname="tests.test_api" name="test_train_model_invalid_learning_rate" time="0.017" /><testcase classname="tests.test_api" name="test_train_model_invalid_hidden_size" time="0.018" /><testcase classname="tests.test_api" name="test_train_model_invalid_num_layers" time="0.013" /><testcase classname="tests.test_api" name="test_train_model_invalid_model_type" time="0.017" /><testcase classname="tests.test_features" name="test_schema_contract" time="1.033" /><testcase classname="tests.test_features" name="test_no_nulls" time="0.014" /><testcase classname="tests.test_features" name="test_row_count_preserved" time="0.011" /></testsuite></testsuites>