<?xml version="1.0" encoding="utf-8"?><testsuites name="pytest tests"><testsuite name="pytest" errors="0" failures="0" skipped="0" tests="12" time="27.486" timestamp="2026-04-29T23:37:46.585749-03:00" hostname="DESKTOP-THNT1QH"><testcase classname="tests.test_api" name="test_predict_invalid_days" time="0.059" /><testcase classname="tests.test_api" name="test_predict_invalid_model_type" time="0.012" /><testcase classname="tests.test_api" name="test_train_model_invalid_epochs" time="0.015" /><testcase classname="tests.test_api" name="test_train_model_invalid_window" time="0.015" /><testcase classname="tests.test_api" name="test_train_model_invalid_per_training" time="0.016" /><testcase classname="tests.test_api" name="test_train_model_invalid_learning_rate" time="0.018" /><testcase classname="tests.test_api" name="test_train_model_invalid_hidden_size" time="0.016" /><testcase classname="tests.test_api" name="test_train_model_invalid_num_layers" time="0.014" /><testcase classname="tests.test_api" name="test_train_model_invalid_model_type" time="0.018" /><testcase classname="tests.test_features" name="test_schema_contract" time="1.177" /><testcase classname="tests.test_features" name="test_no_nulls" time="0.008" /><testcase classname="tests.test_features" name="test_row_count_preserved" time="0.011" /></testsuite></testsuites>